<?xml version="1.0" encoding="UTF-8"?>
<testng-results ignored="0" total="1" passed="1" failed="0" skipped="0">
  <reporter-output>
  </reporter-output>
  <suite started-at="2023-02-08T13:00:56 IST" name="Default suite" finished-at="2023-02-08T13:01:04 IST" duration-ms="7730">
    <groups>
    </groups>
    <test started-at="2023-02-08T13:00:56 IST" name="Default test" finished-at="2023-02-08T13:01:04 IST" duration-ms="7730">
      <class name="testing.HandlingFrames">
        <test-method signature="test()[pri:0, instance:testing.HandlingFrames@4cc451f2]" started-at="2023-02-08T13:00:56 IST" name="test" finished-at="2023-02-08T13:01:04 IST" duration-ms="7684" status="PASS">
          <reporter-output>
          </reporter-output>
        </test-method> <!-- test -->
      </class> <!-- testing.HandlingFrames -->
    </test> <!-- Default test -->
  </suite> <!-- Default suite -->
</testng-results>
